<?xml version="1.0" encoding="UTF-8"?>
<!-- Generated by org.testng.reporters.JUnitReportReporter -->
<testsuite hostname="EPAMYERW0057" name="com.epam.mentoringDesignPatterns.MailSavedAsDraftTest" tests="1" failures="0" timestamp="28 Jul 2017 09:00:25 GMT" time="18.610" errors="0">
  <testcase name="draftIsCreatedTest" time="18.610" classname="com.epam.mentoringDesignPatterns.MailSavedAsDraftTest"/>
</testsuite> <!-- com.epam.mentoringDesignPatterns.MailSavedAsDraftTest -->
