<?xml version="1.0" encoding="UTF-8"?>
<!-- Generated by org.testng.reporters.JUnitReportReporter -->
<testsuite hostname="EPAMYERW0057" name="com.epam.mentoringDesignPatternsTask.MailExistsInSentsTest" tests="1" failures="0" timestamp="19 Aug 2017 18:40:03 GMT" time="45.743" errors="0">
  <testcase name="mailExistsInSentsTest" time="45.743" classname="com.epam.mentoringDesignPatternsTask.MailExistsInSentsTest"/>
</testsuite> <!-- com.epam.mentoringDesignPatternsTask.MailExistsInSentsTest -->
