<?xml version="1.0" encoding="UTF-8"?>
<!-- Generated by org.testng.reporters.JUnitReportReporter -->
<testsuite hostname="EPAMYERW0057" name="com.epam.mentoringBusinessObjects.MailExistsInDraftsTest" tests="1" failures="0" timestamp="4 Aug 2017 08:54:01 GMT" time="73.110" errors="0">
  <testcase name="mailExistsInDrafts" time="73.110" classname="com.epam.mentoringBusinessObjects.MailExistsInDraftsTest"/>
</testsuite> <!-- com.epam.mentoringBusinessObjects.MailExistsInDraftsTest -->
