<?xml version="1.0" encoding="UTF-8"?>
<!-- Generated by org.testng.reporters.JUnitReportReporter -->
<testsuite hostname="EPAMYERW0057" name="com.epam.mentoringDesignPatterns.MailExistsInDraftsTest" tests="1" failures="0" timestamp="28 Jul 2017 09:00:25 GMT" time="75.909" errors="0">
  <testcase name="mailExistsInDrafts" time="75.909" classname="com.epam.mentoringDesignPatterns.MailExistsInDraftsTest"/>
</testsuite> <!-- com.epam.mentoringDesignPatterns.MailExistsInDraftsTest -->
