<?xml version="1.0" encoding="UTF-8"?>
<!-- Generated by org.testng.reporters.JUnitReportReporter -->
<testsuite hostname="EPAMYERW0057" name="com.epam.mentoringDesignPatterns.SendAnEmailTest" tests="1" failures="0" timestamp="28 Jul 2017 09:00:25 GMT" time="24.850" errors="0">
  <testcase name="sendAnEmailTest" time="24.850" classname="com.epam.mentoringDesignPatterns.SendAnEmailTest"/>
</testsuite> <!-- com.epam.mentoringDesignPatterns.SendAnEmailTest -->
