<?xml version="1.0" encoding="UTF-8"?>
<!-- Generated by org.testng.reporters.JUnitReportReporter -->
<testsuite hostname="EPAMYERW0057" name="com.epam.mentoringDesignPatternsTask.MailSavedAsDraftTest" tests="1" failures="0" timestamp="19 Aug 2017 18:40:03 GMT" time="29.890" errors="0">
  <testcase name="draftIsCreatedTest" time="29.890" classname="com.epam.mentoringDesignPatternsTask.MailSavedAsDraftTest"/>
</testsuite> <!-- com.epam.mentoringDesignPatternsTask.MailSavedAsDraftTest -->
