<?xml version="1.0" encoding="UTF-8"?>
<!-- Generated by org.testng.reporters.JUnitReportReporter -->
<testsuite hostname="EPAMYERW0057" name="com.epam.mentoringDesignPatterns.MailLoginTest" tests="1" failures="0" timestamp="30 Jul 2017 17:09:25 GMT" time="13.734" errors="0">
  <testcase name="loginTest" time="13.734" classname="com.epam.mentoringDesignPatterns.MailLoginTest"/>
</testsuite> <!-- com.epam.mentoringDesignPatterns.MailLoginTest -->
