<?xml version="1.0" encoding="UTF-8"?>
<!-- Generated by org.testng.reporters.JUnitReportReporter -->
<testsuite hostname="EPAMYERW0057" name="com.epam.mentoringDesignPatternsTask.SendAnEmailviaStrategy" tests="2" failures="0" timestamp="22 Aug 2017 17:27:01 GMT" time="90.118" errors="0">
  <testcase name="sendAnEmailToEmployeeTest" time="44.234" classname="com.epam.mentoringDesignPatternsTask.SendAnEmailviaStrategy"/>
  <testcase name="sendAnEmailToCompanyTest" time="45.884" classname="com.epam.mentoringDesignPatternsTask.SendAnEmailviaStrategy"/>
</testsuite> <!-- com.epam.mentoringDesignPatternsTask.SendAnEmailviaStrategy -->
