<?xml version="1.0" encoding="UTF-8"?>
<!-- Generated by org.testng.reporters.JUnitReportReporter -->
<testsuite hostname="EPAMYERW0057" name="com.epam.mentoringDesignPatternsTask.MailExistsInDraftsTest" tests="1" failures="0" timestamp="19 Aug 2017 18:40:03 GMT" time="24.548" errors="0">
  <testcase name="mailExistsInDrafts" time="24.548" classname="com.epam.mentoringDesignPatternsTask.MailExistsInDraftsTest"/>
</testsuite> <!-- com.epam.mentoringDesignPatternsTask.MailExistsInDraftsTest -->
