<?xml version="1.0" encoding="UTF-8"?>
<!-- Generated by org.testng.reporters.JUnitReportReporter -->
<testsuite hostname="EPAMYERW0057" name="com.epam.mentoringBusinessObjects.MailSavedAsDraftTest" tests="1" failures="0" timestamp="31 Jul 2017 06:52:40 GMT" time="133.854" errors="0">
  <testcase name="draftIsCreatedTest" time="133.854" classname="com.epam.mentoringBusinessObjects.MailSavedAsDraftTest"/>
</testsuite> <!-- com.epam.mentoringBusinessObjects.MailSavedAsDraftTest -->
