<?xml version="1.0" encoding="UTF-8"?>
<!-- Generated by org.testng.reporters.JUnitReportReporter -->
<testsuite hostname="EPAMYERW0057" name="com.epam.mentoringBusinessObjects.SendAnEmailTest" tests="1" failures="0" timestamp="4 Aug 2017 10:17:58 GMT" time="43.475" errors="0">
  <testcase name="sendAnEmailTest" time="43.475" classname="com.epam.mentoringBusinessObjects.SendAnEmailTest"/>
</testsuite> <!-- com.epam.mentoringBusinessObjects.SendAnEmailTest -->
