<?xml version="1.0" encoding="UTF-8"?>
<!-- Generated by org.testng.reporters.JUnitReportReporter -->
<testsuite hostname="EPAMYERW0057" name="com.epam.mentoringBusinessObjects.MailExistsInSentsTest" tests="1" failures="0" timestamp="31 Jul 2017 06:52:40 GMT" time="42.544" errors="0">
  <testcase name="mailExistsInSentsTest" time="42.544" classname="com.epam.mentoringBusinessObjects.MailExistsInSentsTest"/>
</testsuite> <!-- com.epam.mentoringBusinessObjects.MailExistsInSentsTest -->
