<?xml version="1.0" encoding="UTF-8"?>
<!-- Generated by org.testng.reporters.JUnitReportReporter -->
<testsuite hostname="EPAMYERW0057" name="com.epam.mentoringBusinessObjects.MailLoginTest" tests="1" failures="0" timestamp="4 Aug 2017 08:29:07 GMT" time="10.237" errors="0">
  <testcase name="loginTest" time="10.237" classname="com.epam.mentoringBusinessObjects.MailLoginTest"/>
</testsuite> <!-- com.epam.mentoringBusinessObjects.MailLoginTest -->
